0 0.0
1 0.0
2 0.0
3 0.0
4 0.0
5 0.0
6 0.0
7 0.0
8 0.0
9 0.0
10 0.0
11 0.0
12 0.0
13 0.0
14 0.0
15 0.0
16 0.0
17 0.0
18 0.0
19 0.0
20 0.0
21 0.0
22 0.0
23 0.0
24 0.0
25 0.0
26 0.0
27 0.0
28 0.0
29 0.0
30 3178.3783783783783
31 0.0
32 0.0
33 0.0
34 5880.0
35 0.0
36 0.0
37 0.0
38 5880.0
39 0.0
40 0.0
41 0.0
42 4523.076923076923
43 0.0
44 0.0
45 0.0
46 5880.0
47 0.0
48 0.0
49 0.0
50 5469.767441860465
51 0.0
52 0.0
53 0.0
54 3015.3846153846152
55 0.0
56 0.0
57 0.0
58 4409.999999999999
59 0.0
60 0.0
61 0.0
62 3015.3846153846152
63 0.0
64 0.0
65 0.0
66 7350.0
67 0.0
68 0.0
69 0.0
70 3015.3846153846152
71 0.0
72 0.0
73 0.0
74 4767.5675675675675
75 0.0
76 0.0
77 0.0
78 2940.0
79 0.0
80 0.0
81 0.0
82 4523.076923076923
83 0.0
84 0.0
85 0.0
86 5736.585365853658
87 0.0
88 0.0
89 0.0
90 4523.076923076923
91 0.0
92 0.0
93 0.0
94 4409.999999999999
95 0.0
96 0.0
97 0.0
98 4409.999999999999
99 0.0
100 0.0
101 0.0
102 2940.0
103 0.0
104 0.0
105 0.0
106 7538.461538461537
107 0.0
108 0.0
109 0.0
110 3094.736842105263
111 0.0
112 0.0
113 0.0
114 6030.7692307692305
115 0.0
116 0.0
117 0.0
118 3015.3846153846152
119 0.0
120 0.0
121 0.0
122 6030.7692307692305
123 0.0
124 0.0
125 0.0
126 4523.076923076923
127 0.0
128 0.0
129 0.0
130 5736.585365853658
131 0.0
132 0.0
133 0.0
134 4767.5675675675675
135 0.0
136 0.0
137 0.0
138 4409.999999999999
139 0.0
140 0.0
141 0.0
142 5880.0
143 0.0
144 0.0
145 0.0
146 4302.4390243902435
147 0.0
148 0.0
149 0.0
150 4523.076923076923
151 0.0
152 0.0
153 0.0
154 4302.4390243902435
155 0.0
156 0.0
157 0.0
158 4523.076923076923
159 0.0
160 0.0
161 0.0
162 7350.0
163 0.0
164 0.0
165 0.0
166 3015.3846153846152
167 0.0
168 0.0
169 0.0
170 6189.473684210526
171 0.0
172 0.0
173 0.0
174 2868.292682926829
175 0.0
176 0.0
177 0.0
178 6030.7692307692305
179 0.0
180 0.0
181 0.0
182 6189.473684210526
183 0.0
184 0.0
185 0.0
186 5880.0
187 0.0
188 0.0
189 0.0
190 3015.3846153846152
191 0.0
192 0.0
193 0.0
194 6030.7692307692305
195 0.0
196 0.0
197 0.0
198 2940.0
199 0.0
200 0.0
201 0.0
202 8819.999999999998
203 0.0
204 0.0
205 0.0
206 3015.3846153846152
207 0.0
208 0.0
209 0.0
210 5880.0
211 0.0
212 0.0
213 0.0
214 4523.076923076923
215 0.0
216 0.0
217 0.0
218 4409.999999999999
219 0.0
220 0.0
221 0.0
222 6030.7692307692305
223 0.0
224 0.0
225 0.0
226 6999.999999999999
227 0.0
228 0.0
229 0.0
230 3015.3846153846152
231 0.0
232 0.0
233 0.0
234 4523.076923076923
235 0.0
236 0.0
237 0.0
238 7538.461538461537
239 0.0
240 0.0
241 0.0
242 4409.999999999999
243 0.0
244 0.0
245 0.0
246 4523.076923076923
247 0.0
248 0.0
249 0.0
250 4523.076923076923
251 0.0
252 0.0
253 0.0
254 4409.999999999999
255 0.0
256 0.0
257 0.0
258 7538.461538461537
259 0.0
260 0.0
261 0.0
262 4409.999999999999
263 0.0
264 0.0
265 0.0
266 4409.999999999999
267 0.0
268 0.0
269 0.0
270 4523.076923076923
271 0.0
272 0.0
273 0.0
274 6030.7692307692305
275 0.0
276 0.0
277 0.0
278 7350.0
279 0.0
280 0.0
281 0.0
282 5600.0
283 0.0
284 0.0
285 0.0
286 4409.999999999999
287 0.0
288 0.0
289 0.0
290 7538.461538461537
291 0.0
292 0.0
293 0.0
294 2940.0
295 0.0
296 0.0
297 0.0
298 10290.0
299 0.0
300 0.0
301 0.0
302 4523.076923076923
303 0.0
304 0.0
305 0.0
306 5880.0
307 0.0
308 0.0
309 0.0
310 5880.0
311 0.0
312 0.0
313 0.0
314 5880.0
315 0.0
316 0.0
317 0.0
318 8604.878048780487
319 0.0
320 0.0
321 0.0
322 6999.999999999999
323 0.0
324 0.0
325 0.0
326 5736.585365853658
327 0.0
328 0.0
329 0.0
330 4642.105263157894
331 0.0
332 0.0
333 0.0
334 5736.585365853658
335 0.0
336 0.0
337 0.0
338 0.0
339 0.0
340 0.0
341 0.0
342 0.0
343 0.0
344 0.0
345 0.0
346 0.0
347 0.0
348 0.0
349 0.0
350 365.21739130434776
351 0.0
352 0.0
353 0.0
354 0.0
355 0.0
356 0.0
357 0.0
358 717.0731707317073
359 0.0
360 0.0
361 0.0
362 3015.3846153846152
363 0.0
364 0.0
365 0.0
366 1470.0
367 0.0
368 0.0
369 0.0
370 1470.0
371 0.0
372 0.0
373 0.0
374 1507.6923076923076
375 0.0
376 0.0
377 0.0
378 1434.1463414634145
379 0.0
380 0.0
381 0.0
382 2868.292682926829
383 0.0
384 0.0
385 0.0
386 1470.0
387 0.0
388 0.0
389 0.0
390 1434.1463414634145
391 0.0
392 0.0
393 0.0
394 0.0
395 0.0
396 0.0
397 0.0
398 0.0
399 0.0
400 0.0
401 0.0
402 0.0
403 0.0
404 0.0
405 0.0
406 0.0
407 0.0
408 0.0
409 0.0
410 0.0
411 0.0
412 0.0
413 0.0
414 0.0
415 0.0
416 0.0
417 0.0
418 0.0
419 0.0
420 0.0
421 0.0
422 0.0
423 0.0
424 0.0
425 0.0
426 0.0
427 0.0
428 0.0
429 0.0
430 0.0
431 0.0
432 0.0
433 0.0
434 0.0
435 0.0
436 0.0
437 0.0
438 0.0
439 0.0
440 0.0
441 0.0
442 0.0
443 0.0
444 0.0
445 0.0
446 0.0
447 0.0
448 0.0
449 0.0
450 0.0
451 0.0
452 0.0
453 0.0
454 0.0
455 0.0
456 0.0
457 0.0
458 0.0
459 0.0
460 0.0
461 0.0
462 0.0
463 0.0
464 0.0
465 0.0
466 0.0
467 0.0
468 0.0
469 0.0
470 0.0
471 0.0
472 0.0
